  Almium.cpp
C:\Users\MrSuperBuddy\source\repos\Almium\Almium\Almium.cpp(166,7): warning C4552: "<": результат выражения не используется
C:\Users\MrSuperBuddy\source\repos\Almium\Almium\Almium.cpp(176,10): warning C4552: "<": результат выражения не используется
C:\Users\MrSuperBuddy\source\repos\Almium\Almium\Almium.cpp(181,10): warning C4552: "<": результат выражения не используется
C:\Users\MrSuperBuddy\source\repos\Almium\Almium\Almium.cpp(387,14): warning C4244: инициализация: преобразование "INT" в "FLOAT", возможна потеря данных
C:\Users\MrSuperBuddy\source\repos\Almium\Almium\Almium.cpp(441,14): warning C4244: инициализация: преобразование "INT" в "FLOAT", возможна потеря данных
C:\Users\MrSuperBuddy\source\repos\Almium\Almium\Almium.cpp(649,6): warning C4101: y1: неиспользованная локальная переменная
C:\Users\MrSuperBuddy\source\repos\Almium\Almium\Almium.cpp(651,6): warning C4101: v3: неиспользованная локальная переменная
C:\Users\MrSuperBuddy\source\repos\Almium\Almium\Almium.cpp(650,6): warning C4101: x1: неиспользованная локальная переменная
C:\Users\MrSuperBuddy\source\repos\Almium\Almium\Almium.cpp(655,6): warning C4101: v7: неиспользованная локальная переменная
C:\Users\MrSuperBuddy\source\repos\Almium\Almium\Almium.cpp(656,6): warning C4101: v8: неиспользованная локальная переменная
C:\Users\MrSuperBuddy\source\repos\Almium\Almium\Almium.cpp(654,6): warning C4101: v6: неиспользованная локальная переменная
C:\Users\MrSuperBuddy\source\repos\Almium\Almium\Almium.cpp(652,6): warning C4101: v4: неиспользованная локальная переменная
C:\Users\MrSuperBuddy\source\repos\Almium\Almium\Almium.cpp(653,6): warning C4101: v5: неиспользованная локальная переменная
C:\Users\MrSuperBuddy\source\repos\Almium\Almium\Almium.cpp(825,6): warning C4101: y1: неиспользованная локальная переменная
C:\Users\MrSuperBuddy\source\repos\Almium\Almium\Almium.cpp(827,6): warning C4101: v3: неиспользованная локальная переменная
C:\Users\MrSuperBuddy\source\repos\Almium\Almium\Almium.cpp(826,6): warning C4101: x1: неиспользованная локальная переменная
C:\Users\MrSuperBuddy\source\repos\Almium\Almium\Almium.cpp(831,6): warning C4101: v7: неиспользованная локальная переменная
C:\Users\MrSuperBuddy\source\repos\Almium\Almium\Almium.cpp(832,6): warning C4101: v8: неиспользованная локальная переменная
C:\Users\MrSuperBuddy\source\repos\Almium\Almium\Almium.cpp(830,6): warning C4101: v6: неиспользованная локальная переменная
C:\Users\MrSuperBuddy\source\repos\Almium\Almium\Almium.cpp(828,6): warning C4101: v4: неиспользованная локальная переменная
C:\Users\MrSuperBuddy\source\repos\Almium\Almium\Almium.cpp(829,6): warning C4101: v5: неиспользованная локальная переменная
C:\Users\MrSuperBuddy\source\repos\Almium\Almium\Almium.cpp(901,6): warning C4101: v2: неиспользованная локальная переменная
C:\Users\MrSuperBuddy\source\repos\Almium\Almium\Almium.cpp(929,82): warning C4554: ">>": проверьте приоритет операторов на ошибки; для уточнения приоритета используйте скобки
C:\Users\MrSuperBuddy\source\repos\Almium\Almium\Almium.cpp(957,101): warning C4554: ">>": проверьте приоритет операторов на ошибки; для уточнения приоритета используйте скобки
C:\Users\MrSuperBuddy\source\repos\Almium\Almium\Almium.cpp(1102,24): warning C4129: T: неизвестная escape-последовательность
C:\Users\MrSuperBuddy\source\repos\Almium\Almium\Almium.cpp(1102,24): warning C4129: Y: неизвестная escape-последовательность
C:\Users\MrSuperBuddy\source\repos\Almium\Almium\Almium.cpp(1102,24): warning C4129: E: неизвестная escape-последовательность
C:\Users\MrSuperBuddy\source\repos\Almium\Almium\Almium.cpp(1108,25): warning C4129: T: неизвестная escape-последовательность
C:\Users\MrSuperBuddy\source\repos\Almium\Almium\Almium.cpp(1108,25): warning C4129: F: неизвестная escape-последовательность
C:\Users\MrSuperBuddy\source\repos\Almium\Almium\Almium.cpp(1098,9): warning C4101: v21: неиспользованная локальная переменная
C:\Users\MrSuperBuddy\source\repos\Almium\Almium\Almium.cpp(1100,9): warning C4101: v23: неиспользованная локальная переменная
C:\Users\MrSuperBuddy\source\repos\Almium\Almium\Almium.cpp(1096,9): warning C4101: v19: неиспользованная локальная переменная
C:\Users\MrSuperBuddy\source\repos\Almium\Almium\Almium.cpp(1085,9): warning C4101: v7: неиспользованная локальная переменная
C:\Users\MrSuperBuddy\source\repos\Almium\Almium\Almium.cpp(1099,9): warning C4101: v22: неиспользованная локальная переменная
C:\Users\MrSuperBuddy\source\repos\Almium\Almium\Almium.cpp(1097,9): warning C4101: v20: неиспользованная локальная переменная
C:\Users\MrSuperBuddy\source\repos\Almium\Almium\Almium.cpp(1082,9): warning C4101: v4: неиспользованная локальная переменная
C:\Users\MrSuperBuddy\source\repos\Almium\Almium\Almium.cpp(190): warning C4715: Hue: значение возвращается не при всех путях выполнения
  LINK : не найден или не выполнена сборка C:\Users\MrSuperBuddy\source\repos\Almium\Debug\Almium.exe при последней инкрементной компоновке; выполняется полная компоновка
  Almium.vcxproj -> C:\Users\MrSuperBuddy\source\repos\Almium\Debug\Almium.exe
